{"C:\\Users\\links\\Desktop\\Proyectos\\cloudsuring-users\\src\\common\\data\\users.ts": {"path":"C:\\Users\\links\\Desktop\\Proyectos\\cloudsuring-users\\src\\common\\data\\users.ts","statementMap":{"0":{"start":{"line":3,"column":13},"end":{"line":39,"column":2}}},"fnMap":{},"branchMap":{},"s":{"0":1},"f":{},"b":{}}
,"C:\\Users\\links\\Desktop\\Proyectos\\cloudsuring-users\\src\\users\\dtos\\create-user.dto.ts": {"path":"C:\\Users\\links\\Desktop\\Proyectos\\cloudsuring-users\\src\\users\\dtos\\create-user.dto.ts","statementMap":{"0":{"start":{"line":1,"column":0},"end":{"line":1,"column":74}},"1":{"start":{"line":2,"column":0},"end":{"line":2,"column":41}},"2":{"start":{"line":4,"column":0},"end":{"line":4,"column":13}},"3":{"start":{"line":7,"column":2},"end":{"line":7,"column":null}},"4":{"start":{"line":11,"column":2},"end":{"line":11,"column":null}},"5":{"start":{"line":15,"column":2},"end":{"line":15,"column":null}},"6":{"start":{"line":13,"column":14},"end":{"line":13,"column":20}},"7":{"start":{"line":19,"column":2},"end":{"line":19,"column":null}}},"fnMap":{"0":{"name":"(anonymous_2)","decl":{"start":{"line":13,"column":8},"end":{"line":13,"column":11}},"loc":{"start":{"line":13,"column":14},"end":{"line":13,"column":20}}}},"branchMap":{},"s":{"0":1,"1":1,"2":1,"3":1,"4":1,"5":1,"6":0,"7":1},"f":{"0":0},"b":{}}
,"C:\\Users\\links\\Desktop\\Proyectos\\cloudsuring-users\\src\\users\\dtos\\update-user.dto.ts": {"path":"C:\\Users\\links\\Desktop\\Proyectos\\cloudsuring-users\\src\\users\\dtos\\update-user.dto.ts","statementMap":{"0":{"start":{"line":1,"column":0},"end":{"line":1,"column":74}},"1":{"start":{"line":2,"column":0},"end":{"line":2,"column":41}},"2":{"start":{"line":4,"column":0},"end":{"line":4,"column":13}},"3":{"start":{"line":7,"column":2},"end":{"line":7,"column":null}},"4":{"start":{"line":11,"column":2},"end":{"line":11,"column":null}},"5":{"start":{"line":15,"column":2},"end":{"line":15,"column":null}},"6":{"start":{"line":19,"column":2},"end":{"line":19,"column":null}},"7":{"start":{"line":17,"column":14},"end":{"line":17,"column":20}},"8":{"start":{"line":23,"column":2},"end":{"line":23,"column":null}}},"fnMap":{"0":{"name":"(anonymous_2)","decl":{"start":{"line":17,"column":8},"end":{"line":17,"column":11}},"loc":{"start":{"line":17,"column":14},"end":{"line":17,"column":20}}}},"branchMap":{},"s":{"0":1,"1":1,"2":1,"3":1,"4":1,"5":1,"6":1,"7":0,"8":1},"f":{"0":0},"b":{}}
,"C:\\Users\\links\\Desktop\\Proyectos\\cloudsuring-users\\src\\users\\routes\\users-routes.ts": {"path":"C:\\Users\\links\\Desktop\\Proyectos\\cloudsuring-users\\src\\users\\routes\\users-routes.ts","statementMap":{"0":{"start":{"line":1,"column":0},"end":{"line":1,"column":52}},"1":{"start":{"line":2,"column":0},"end":{"line":2,"column":119}},"2":{"start":{"line":3,"column":0},"end":{"line":3,"column":71}},"3":{"start":{"line":4,"column":0},"end":{"line":4,"column":56}},"4":{"start":{"line":5,"column":0},"end":{"line":5,"column":56}},"5":{"start":{"line":7,"column":15},"end":{"line":7,"column":23}},"6":{"start":{"line":9,"column":0},"end":{"line":15,"column":3}},"7":{"start":{"line":10,"column":41},"end":{"line":10,"column":51}},"8":{"start":{"line":11,"column":4},"end":{"line":14,"column":7}},"9":{"start":{"line":17,"column":0},"end":{"line":22,"column":3}},"10":{"start":{"line":18,"column":4},"end":{"line":21,"column":7}},"11":{"start":{"line":24,"column":0},"end":{"line":37,"column":3}},"12":{"start":{"line":25,"column":18},"end":{"line":25,"column":27}},"13":{"start":{"line":26,"column":3},"end":{"line":31,"column":5}},"14":{"start":{"line":27,"column":8},"end":{"line":30,"column":11}},"15":{"start":{"line":33,"column":4},"end":{"line":36,"column":7}},"16":{"start":{"line":39,"column":0},"end":{"line":53,"column":3}},"17":{"start":{"line":40,"column":19},"end":{"line":40,"column":29}},"18":{"start":{"line":41,"column":17},"end":{"line":41,"column":29}},"19":{"start":{"line":42,"column":4},"end":{"line":47,"column":5}},"20":{"start":{"line":43,"column":8},"end":{"line":46,"column":11}},"21":{"start":{"line":49,"column":4},"end":{"line":52,"column":7}},"22":{"start":{"line":55,"column":0},"end":{"line":61,"column":3}},"23":{"start":{"line":56,"column":19},"end":{"line":56,"column":29}},"24":{"start":{"line":57,"column":4},"end":{"line":60,"column":7}},"25":{"start":{"line":63,"column":0},"end":{"line":69,"column":3}},"26":{"start":{"line":64,"column":19},"end":{"line":64,"column":29}},"27":{"start":{"line":65,"column":4},"end":{"line":68,"column":7}},"28":{"start":{"line":71,"column":0},"end":{"line":71,"column":22}}},"fnMap":{"0":{"name":"(anonymous_0)","decl":{"start":{"line":9,"column":63},"end":{"line":9,"column":64}},"loc":{"start":{"line":9,"column":95},"end":{"line":15,"column":1}}},"1":{"name":"(anonymous_1)","decl":{"start":{"line":17,"column":45},"end":{"line":17,"column":46}},"loc":{"start":{"line":17,"column":77},"end":{"line":22,"column":1}}},"2":{"name":"(anonymous_2)","decl":{"start":{"line":24,"column":16},"end":{"line":24,"column":17}},"loc":{"start":{"line":24,"column":48},"end":{"line":37,"column":1}}},"3":{"name":"(anonymous_3)","decl":{"start":{"line":39,"column":19},"end":{"line":39,"column":20}},"loc":{"start":{"line":39,"column":51},"end":{"line":53,"column":1}}},"4":{"name":"(anonymous_4)","decl":{"start":{"line":55,"column":49},"end":{"line":55,"column":50}},"loc":{"start":{"line":55,"column":81},"end":{"line":61,"column":1}}},"5":{"name":"(anonymous_5)","decl":{"start":{"line":63,"column":22},"end":{"line":63,"column":23}},"loc":{"start":{"line":63,"column":54},"end":{"line":69,"column":1}}}},"branchMap":{"0":{"loc":{"start":{"line":26,"column":3},"end":{"line":31,"column":5}},"type":"if","locations":[{"start":{"line":26,"column":3},"end":{"line":31,"column":5}},{"start":{},"end":{}}]},"1":{"loc":{"start":{"line":26,"column":7},"end":{"line":26,"column":35}},"type":"binary-expr","locations":[{"start":{"line":26,"column":7},"end":{"line":26,"column":13}},{"start":{"line":26,"column":17},"end":{"line":26,"column":35}}]},"2":{"loc":{"start":{"line":42,"column":4},"end":{"line":47,"column":5}},"type":"if","locations":[{"start":{"line":42,"column":4},"end":{"line":47,"column":5}},{"start":{},"end":{}}]}},"s":{"0":1,"1":1,"2":1,"3":1,"4":1,"5":1,"6":1,"7":1,"8":1,"9":1,"10":1,"11":1,"12":2,"13":2,"14":1,"15":1,"16":1,"17":2,"18":2,"19":2,"20":1,"21":1,"22":1,"23":1,"24":1,"25":1,"26":1,"27":1,"28":1},"f":{"0":1,"1":1,"2":2,"3":2,"4":1,"5":1},"b":{"0":[1,1],"1":[2,2],"2":[1,1]}}
,"C:\\Users\\links\\Desktop\\Proyectos\\cloudsuring-users\\src\\users\\services\\users.service.ts": {"path":"C:\\Users\\links\\Desktop\\Proyectos\\cloudsuring-users\\src\\users\\services\\users.service.ts","statementMap":{"0":{"start":{"line":7,"column":0},"end":{"line":7,"column":16}},"1":{"start":{"line":24,"column":0},"end":{"line":24,"column":16}},"2":{"start":{"line":35,"column":0},"end":{"line":35,"column":16}},"3":{"start":{"line":48,"column":0},"end":{"line":48,"column":16}},"4":{"start":{"line":67,"column":0},"end":{"line":67,"column":16}},"5":{"start":{"line":86,"column":0},"end":{"line":86,"column":16}},"6":{"start":{"line":1,"column":0},"end":{"line":1,"column":52}},"7":{"start":{"line":5,"column":0},"end":{"line":5,"column":36}},"8":{"start":{"line":8,"column":2},"end":{"line":21,"column":3}},"9":{"start":{"line":9,"column":27},"end":{"line":12,"column":6}},"10":{"start":{"line":13,"column":4},"end":{"line":13,"column":28}},"11":{"start":{"line":15,"column":4},"end":{"line":15,"column":19}},"12":{"start":{"line":17,"column":4},"end":{"line":19,"column":5}},"13":{"start":{"line":18,"column":6},"end":{"line":18,"column":37}},"14":{"start":{"line":20,"column":4},"end":{"line":20,"column":37}},"15":{"start":{"line":25,"column":4},"end":{"line":32,"column":3}},"16":{"start":{"line":26,"column":8},"end":{"line":26,"column":25}},"17":{"start":{"line":28,"column":4},"end":{"line":30,"column":5}},"18":{"start":{"line":29,"column":6},"end":{"line":29,"column":37}},"19":{"start":{"line":31,"column":4},"end":{"line":31,"column":37}},"20":{"start":{"line":36,"column":4},"end":{"line":45,"column":3}},"21":{"start":{"line":37,"column":24},"end":{"line":37,"column":67}},"22":{"start":{"line":37,"column":52},"end":{"line":37,"column":66}},"23":{"start":{"line":39,"column":8},"end":{"line":39,"column":36}},"24":{"start":{"line":41,"column":4},"end":{"line":43,"column":5}},"25":{"start":{"line":42,"column":6},"end":{"line":42,"column":37}},"26":{"start":{"line":44,"column":4},"end":{"line":44,"column":37}},"27":{"start":{"line":49,"column":4},"end":{"line":64,"column":3}},"28":{"start":{"line":50,"column":24},"end":{"line":50,"column":67}},"29":{"start":{"line":50,"column":52},"end":{"line":50,"column":66}},"30":{"start":{"line":52,"column":8},"end":{"line":54,"column":9}},"31":{"start":{"line":53,"column":12},"end":{"line":53,"column":46}},"32":{"start":{"line":56,"column":8},"end":{"line":56,"column":39}},"33":{"start":{"line":57,"column":8},"end":{"line":57,"column":39}},"34":{"start":{"line":58,"column":8},"end":{"line":58,"column":30}},"35":{"start":{"line":60,"column":4},"end":{"line":62,"column":5}},"36":{"start":{"line":61,"column":6},"end":{"line":61,"column":37}},"37":{"start":{"line":63,"column":4},"end":{"line":63,"column":37}},"38":{"start":{"line":68,"column":4},"end":{"line":82,"column":3}},"39":{"start":{"line":69,"column":24},"end":{"line":69,"column":67}},"40":{"start":{"line":69,"column":52},"end":{"line":69,"column":66}},"41":{"start":{"line":71,"column":8},"end":{"line":73,"column":9}},"42":{"start":{"line":72,"column":12},"end":{"line":72,"column":46}},"43":{"start":{"line":74,"column":28},"end":{"line":74,"column":48}},"44":{"start":{"line":75,"column":8},"end":{"line":75,"column":39}},"45":{"start":{"line":76,"column":8},"end":{"line":76,"column":27}},"46":{"start":{"line":78,"column":4},"end":{"line":80,"column":5}},"47":{"start":{"line":79,"column":6},"end":{"line":79,"column":37}},"48":{"start":{"line":81,"column":4},"end":{"line":81,"column":37}},"49":{"start":{"line":87,"column":4},"end":{"line":113,"column":3}},"50":{"start":{"line":88,"column":27},"end":{"line":88,"column":44}},"51":{"start":{"line":89,"column":57},"end":{"line":89,"column":88}},"52":{"start":{"line":91,"column":8},"end":{"line":105,"column":9}},"53":{"start":{"line":92,"column":37},"end":{"line":92,"column":51}},"54":{"start":{"line":93,"column":12},"end":{"line":93,"column":100}},"55":{"start":{"line":93,"column":37},"end":{"line":93,"column":100}},"56":{"start":{"line":95,"column":12},"end":{"line":95,"column":32}},"57":{"start":{"line":97,"column":25},"end":{"line":97,"column":57}},"58":{"start":{"line":97,"column":45},"end":{"line":97,"column":56}},"59":{"start":{"line":98,"column":12},"end":{"line":98,"column":32}},"60":{"start":{"line":98,"column":23},"end":{"line":98,"column":32}},"61":{"start":{"line":100,"column":12},"end":{"line":104,"column":13}},"62":{"start":{"line":101,"column":16},"end":{"line":103,"column":17}},"63":{"start":{"line":102,"column":20},"end":{"line":102,"column":71}},"64":{"start":{"line":107,"column":8},"end":{"line":107,"column":65}},"65":{"start":{"line":109,"column":4},"end":{"line":111,"column":5}},"66":{"start":{"line":110,"column":6},"end":{"line":110,"column":37}},"67":{"start":{"line":112,"column":4},"end":{"line":112,"column":37}},"68":{"start":{"line":117,"column":19},"end":{"line":117,"column":43}},"69":{"start":{"line":118,"column":12},"end":{"line":118,"column":23}},"70":{"start":{"line":120,"column":2},"end":{"line":122,"column":3}},"71":{"start":{"line":121,"column":6},"end":{"line":121,"column":26}},"72":{"start":{"line":123,"column":20},"end":{"line":123,"column":30}},"73":{"start":{"line":124,"column":17},"end":{"line":124,"column":44}},"74":{"start":{"line":126,"column":2},"end":{"line":126,"column":29}}},"fnMap":{"0":{"name":"saveUsers","decl":{"start":{"line":7,"column":16},"end":{"line":7,"column":25}},"loc":{"start":{"line":7,"column":49},"end":{"line":22,"column":1}}},"1":{"name":"findAll","decl":{"start":{"line":24,"column":16},"end":{"line":24,"column":23}},"loc":{"start":{"line":24,"column":23},"end":{"line":33,"column":1}}},"2":{"name":"findById","decl":{"start":{"line":35,"column":16},"end":{"line":35,"column":24}},"loc":{"start":{"line":35,"column":35},"end":{"line":46,"column":1}}},"3":{"name":"(anonymous_3)","decl":{"start":{"line":37,"column":44},"end":{"line":37,"column":48}},"loc":{"start":{"line":37,"column":52},"end":{"line":37,"column":66}}},"4":{"name":"updateUser","decl":{"start":{"line":48,"column":16},"end":{"line":48,"column":26}},"loc":{"start":{"line":48,"column":68},"end":{"line":65,"column":1}}},"5":{"name":"(anonymous_5)","decl":{"start":{"line":50,"column":44},"end":{"line":50,"column":48}},"loc":{"start":{"line":50,"column":52},"end":{"line":50,"column":66}}},"6":{"name":"deleteUser","decl":{"start":{"line":67,"column":16},"end":{"line":67,"column":26}},"loc":{"start":{"line":67,"column":37},"end":{"line":83,"column":1}}},"7":{"name":"(anonymous_7)","decl":{"start":{"line":69,"column":44},"end":{"line":69,"column":48}},"loc":{"start":{"line":69,"column":52},"end":{"line":69,"column":66}}},"8":{"name":"relationshipDistance","decl":{"start":{"line":86,"column":16},"end":{"line":86,"column":36}},"loc":{"start":{"line":86,"column":77},"end":{"line":114,"column":1}}},"9":{"name":"(anonymous_9)","decl":{"start":{"line":97,"column":40},"end":{"line":97,"column":41}},"loc":{"start":{"line":97,"column":45},"end":{"line":97,"column":56}}},"10":{"name":"formatedGrade","decl":{"start":{"line":116,"column":9},"end":{"line":116,"column":22}},"loc":{"start":{"line":116,"column":36},"end":{"line":127,"column":1}}}},"branchMap":{"0":{"loc":{"start":{"line":17,"column":4},"end":{"line":19,"column":5}},"type":"if","locations":[{"start":{"line":17,"column":4},"end":{"line":19,"column":5}},{"start":{},"end":{}}]},"1":{"loc":{"start":{"line":28,"column":4},"end":{"line":30,"column":5}},"type":"if","locations":[{"start":{"line":28,"column":4},"end":{"line":30,"column":5}},{"start":{},"end":{}}]},"2":{"loc":{"start":{"line":41,"column":4},"end":{"line":43,"column":5}},"type":"if","locations":[{"start":{"line":41,"column":4},"end":{"line":43,"column":5}},{"start":{},"end":{}}]},"3":{"loc":{"start":{"line":52,"column":8},"end":{"line":54,"column":9}},"type":"if","locations":[{"start":{"line":52,"column":8},"end":{"line":54,"column":9}},{"start":{},"end":{}}]},"4":{"loc":{"start":{"line":60,"column":4},"end":{"line":62,"column":5}},"type":"if","locations":[{"start":{"line":60,"column":4},"end":{"line":62,"column":5}},{"start":{},"end":{}}]},"5":{"loc":{"start":{"line":71,"column":8},"end":{"line":73,"column":9}},"type":"if","locations":[{"start":{"line":71,"column":8},"end":{"line":73,"column":9}},{"start":{},"end":{}}]},"6":{"loc":{"start":{"line":78,"column":4},"end":{"line":80,"column":5}},"type":"if","locations":[{"start":{"line":78,"column":4},"end":{"line":80,"column":5}},{"start":{},"end":{}}]},"7":{"loc":{"start":{"line":93,"column":12},"end":{"line":93,"column":100}},"type":"if","locations":[{"start":{"line":93,"column":12},"end":{"line":93,"column":100}},{"start":{},"end":{}}]},"8":{"loc":{"start":{"line":98,"column":12},"end":{"line":98,"column":32}},"type":"if","locations":[{"start":{"line":98,"column":12},"end":{"line":98,"column":32}},{"start":{},"end":{}}]},"9":{"loc":{"start":{"line":101,"column":16},"end":{"line":103,"column":17}},"type":"if","locations":[{"start":{"line":101,"column":16},"end":{"line":103,"column":17}},{"start":{},"end":{}}]},"10":{"loc":{"start":{"line":109,"column":4},"end":{"line":111,"column":5}},"type":"if","locations":[{"start":{"line":109,"column":4},"end":{"line":111,"column":5}},{"start":{},"end":{}}]},"11":{"loc":{"start":{"line":120,"column":2},"end":{"line":122,"column":3}},"type":"if","locations":[{"start":{"line":120,"column":2},"end":{"line":122,"column":3}},{"start":{},"end":{}}]},"12":{"loc":{"start":{"line":120,"column":6},"end":{"line":120,"column":24}},"type":"binary-expr","locations":[{"start":{"line":120,"column":6},"end":{"line":120,"column":13}},{"start":{"line":120,"column":17},"end":{"line":120,"column":24}}]},"13":{"loc":{"start":{"line":124,"column":17},"end":{"line":124,"column":44}},"type":"binary-expr","locations":[{"start":{"line":124,"column":17},"end":{"line":124,"column":36}},{"start":{"line":124,"column":40},"end":{"line":124,"column":44}}]}},"s":{"0":1,"1":1,"2":1,"3":1,"4":1,"5":1,"6":1,"7":1,"8":10,"9":10,"10":10,"11":10,"12":0,"13":0,"14":0,"15":1,"16":1,"17":0,"18":0,"19":0,"20":1,"21":1,"22":1,"23":1,"24":0,"25":0,"26":0,"27":5,"28":5,"29":5,"30":5,"31":1,"32":4,"33":4,"34":4,"35":1,"36":1,"37":0,"38":2,"39":2,"40":1,"41":2,"42":1,"43":1,"44":1,"45":1,"46":1,"47":1,"48":0,"49":2,"50":2,"51":2,"52":2,"53":4,"54":4,"55":1,"56":3,"57":3,"58":6,"59":3,"60":0,"61":3,"62":2,"63":2,"64":1,"65":0,"66":0,"67":0,"68":1,"69":1,"70":1,"71":0,"72":1,"73":1,"74":1},"f":{"0":10,"1":1,"2":1,"3":1,"4":5,"5":5,"6":2,"7":1,"8":2,"9":6,"10":1},"b":{"0":[0,0],"1":[0,0],"2":[0,0],"3":[1,4],"4":[1,0],"5":[1,1],"6":[1,0],"7":[1,3],"8":[0,3],"9":[2,0],"10":[0,0],"11":[0,1],"12":[1,0],"13":[1,0]}}
}
