TN:
SF:src\common\data\users.ts
FNF:0
FNH:0
DA:3,1
LF:1
LH:1
BRF:0
BRH:0
end_of_record
TN:
SF:src\users\dtos\create-user.dto.ts
FN:13,(anonymous_2)
FNF:1
FNH:0
FNDA:0,(anonymous_2)
DA:1,1
DA:2,1
DA:4,1
DA:7,1
DA:11,1
DA:13,0
DA:15,1
DA:19,1
LF:8
LH:7
BRF:0
BRH:0
end_of_record
TN:
SF:src\users\dtos\update-user.dto.ts
FN:17,(anonymous_2)
FNF:1
FNH:0
FNDA:0,(anonymous_2)
DA:1,1
DA:2,1
DA:4,1
DA:7,1
DA:11,1
DA:15,1
DA:17,0
DA:19,1
DA:23,1
LF:9
LH:8
BRF:0
BRH:0
end_of_record
TN:
SF:src\users\routes\users-routes.ts
FN:9,(anonymous_0)
FN:17,(anonymous_1)
FN:24,(anonymous_2)
FN:39,(anonymous_3)
FN:55,(anonymous_4)
FN:63,(anonymous_5)
FNF:6
FNH:6
FNDA:1,(anonymous_0)
FNDA:1,(anonymous_1)
FNDA:2,(anonymous_2)
FNDA:2,(anonymous_3)
FNDA:1,(anonymous_4)
FNDA:1,(anonymous_5)
DA:1,1
DA:2,1
DA:3,1
DA:4,1
DA:5,1
DA:7,1
DA:9,1
DA:10,1
DA:11,1
DA:17,1
DA:18,1
DA:24,1
DA:25,2
DA:26,2
DA:27,1
DA:33,1
DA:39,1
DA:40,2
DA:41,2
DA:42,2
DA:43,1
DA:49,1
DA:55,1
DA:56,1
DA:57,1
DA:63,1
DA:64,1
DA:65,1
DA:71,1
LF:29
LH:29
BRDA:26,0,0,1
BRDA:26,0,1,1
BRDA:26,1,0,2
BRDA:26,1,1,2
BRDA:42,2,0,1
BRDA:42,2,1,1
BRF:6
BRH:6
end_of_record
TN:
SF:src\users\services\users.service.ts
FN:7,saveUsers
FN:24,findAll
FN:35,findById
FN:37,(anonymous_3)
FN:48,updateUser
FN:50,(anonymous_5)
FN:67,deleteUser
FN:69,(anonymous_7)
FN:86,relationshipDistance
FN:97,(anonymous_9)
FN:116,formatedGrade
FNF:11
FNH:11
FNDA:10,saveUsers
FNDA:1,findAll
FNDA:1,findById
FNDA:1,(anonymous_3)
FNDA:5,updateUser
FNDA:5,(anonymous_5)
FNDA:2,deleteUser
FNDA:1,(anonymous_7)
FNDA:2,relationshipDistance
FNDA:6,(anonymous_9)
FNDA:1,formatedGrade
DA:1,1
DA:5,1
DA:7,1
DA:8,10
DA:9,10
DA:13,10
DA:15,10
DA:17,0
DA:18,0
DA:20,0
DA:24,1
DA:25,1
DA:26,1
DA:28,0
DA:29,0
DA:31,0
DA:35,1
DA:36,1
DA:37,1
DA:39,1
DA:41,0
DA:42,0
DA:44,0
DA:48,1
DA:49,5
DA:50,5
DA:52,5
DA:53,1
DA:56,4
DA:57,4
DA:58,4
DA:60,1
DA:61,1
DA:63,0
DA:67,1
DA:68,2
DA:69,2
DA:71,2
DA:72,1
DA:74,1
DA:75,1
DA:76,1
DA:78,1
DA:79,1
DA:81,0
DA:86,1
DA:87,2
DA:88,2
DA:89,2
DA:91,2
DA:92,4
DA:93,4
DA:95,3
DA:97,6
DA:98,3
DA:100,3
DA:101,2
DA:102,2
DA:107,1
DA:109,0
DA:110,0
DA:112,0
DA:117,1
DA:118,1
DA:120,1
DA:121,0
DA:123,1
DA:124,1
DA:126,1
LF:69
LH:54
BRDA:17,0,0,0
BRDA:17,0,1,0
BRDA:28,1,0,0
BRDA:28,1,1,0
BRDA:41,2,0,0
BRDA:41,2,1,0
BRDA:52,3,0,1
BRDA:52,3,1,4
BRDA:60,4,0,1
BRDA:60,4,1,0
BRDA:71,5,0,1
BRDA:71,5,1,1
BRDA:78,6,0,1
BRDA:78,6,1,0
BRDA:93,7,0,1
BRDA:93,7,1,3
BRDA:98,8,0,0
BRDA:98,8,1,3
BRDA:101,9,0,2
BRDA:101,9,1,0
BRDA:109,10,0,0
BRDA:109,10,1,0
BRDA:120,11,0,0
BRDA:120,11,1,1
BRDA:120,12,0,1
BRDA:120,12,1,0
BRDA:124,13,0,1
BRDA:124,13,1,0
BRF:28
BRH:13
end_of_record
